Arguments: 
  /usr/local/bin/node /usr/local/bin/yarn add gh-pages

PATH: 
  /home/saravana/bin:/home/saravana/.local/bin:/usr/local/sbin:/usr/local/bin:/usr/sbin:/usr/bin:/sbin:/bin:/usr/games:/usr/local/games:/snap/bin:/home/saravana/Android/Sdk/tools:/home/saravana/Android/Sdk/platform-tools

Yarn version: 
  1.12.3

Node version: 
  10.8.0

Platform: 
  linux x64

Trace: 
  Error: EACCES: permission denied, mkdir '/var/www/Fariha/fariha_portfolio/node_modules/abbrev'

npm manifest: 
  {
    "name": "modern_portfolio",
    "version": "1.0.0",
    "description": "My portfolio website",
    "main": "index.js",
    "homepage": "https://fariha9719.github.io/portfolio/",
    "scripts": {
      "sass": "node-sass -w scss/ -o dist/css/ --recursive",
      "deploy": "gh-pages -d dist"
    },
    "author": "Saravana and Fariha",
    "license": "MIT",
    "dependencies": {
      "gh-pages": "^1.2.0",
      "node-sass": "^4.9.2"
    }
  }

yarn manifest: 
  No manifest

Lockfile: 
  No lockfile
